#
# There is insufficient memory for the Java Runtime Environment to continue.
# Native memory allocation (malloc) failed to allocate 81536 bytes for Chunk::new
# Possible reasons:
#   The system is out of physical RAM or swap space
#   In 32 bit mode, the process size limit was hit
# Possible solutions:
#   Reduce memory load on the system
#   Increase physical memory or swap space
#   Check if swap backing store is full
#   Use 64 bit Java on a 64 bit OS
#   Decrease Java heap size (-Xmx/-Xms)
#   Decrease number of Java threads
#   Decrease Java thread stack sizes (-Xss)
#   Set larger code cache with -XX:ReservedCodeCacheSize=
# This output file may be truncated or incomplete.
#
#  Out of Memory Error (allocation.cpp:390), pid=6664, tid=0x0000000000001758
#
# JRE version: Java(TM) SE Runtime Environment (8.0_111-b14) (build 1.8.0_111-b14)
# Java VM: Java HotSpot(TM) 64-Bit Server VM (25.111-b14 mixed mode windows-amd64 compressed oops)
# Failed to write core dump. Minidumps are not enabled by default on client versions of Windows
#

---------------  T H R E A D  ---------------

Current thread (0x0000000016d02000):  JavaThread "C2 CompilerThread0" daemon [_thread_in_native, id=5976, stack(0x0000000018380000,0x0000000018480000)]

Stack: [0x0000000018380000,0x0000000018480000]
[error occurred during error reporting (printing stack bounds), id 0xc0000005]

Native frames: (J=compiled Java code, j=interpreted, Vv=VM code, C=native code)


Current CompileTask:
C2:2074048 4571       4       sun.nio.cs.UTF_8$Encoder::encode (359 bytes)


---------------  P R O C E S S  ---------------

Java Threads: ( => current thread )
  0x0000000019174000 JavaThread "HikariPool-1 connection adder" daemon [_thread_in_native, id=10904, stack(0x0000000000810000,0x0000000000910000)]
  0x0000000019173800 JavaThread "HikariPool-1 connection closer" daemon [_thread_blocked, id=8496, stack(0x0000000000710000,0x0000000000810000)]
  0x0000000019176000 JavaThread "DestroyJavaVM" [_thread_blocked, id=7200, stack(0x0000000002190000,0x0000000002290000)]
  0x0000000019171000 JavaThread "http-nio-8080-Acceptor" daemon [_thread_in_native, id=13648, stack(0x0000000022a30000,0x0000000022b30000)]
  0x0000000019169000 JavaThread "http-nio-8080-ClientPoller" daemon [_thread_blocked, id=11984, stack(0x0000000022930000,0x0000000022a30000)]
  0x000000001916f000 JavaThread "http-nio-8080-exec-10" daemon [_thread_blocked, id=13308, stack(0x0000000022830000,0x0000000022930000)]
  0x000000001916e000 JavaThread "http-nio-8080-exec-9" daemon [_thread_blocked, id=12740, stack(0x0000000022730000,0x0000000022830000)]
  0x000000001916a800 JavaThread "http-nio-8080-exec-8" daemon [_thread_blocked, id=13256, stack(0x0000000022630000,0x0000000022730000)]
  0x000000001916c800 JavaThread "http-nio-8080-exec-7" daemon [_thread_blocked, id=13344, stack(0x0000000022530000,0x0000000022630000)]
  0x000000001916b000 JavaThread "http-nio-8080-exec-6" daemon [_thread_blocked, id=13296, stack(0x0000000022430000,0x0000000022530000)]
  0x000000001916f800 JavaThread "http-nio-8080-exec-5" daemon [_thread_blocked, id=4520, stack(0x0000000022330000,0x0000000022430000)]
  0x000000001916c000 JavaThread "http-nio-8080-exec-4" daemon [_thread_blocked, id=4016, stack(0x0000000022130000,0x0000000022230000)]
  0x000000001916d800 JavaThread "http-nio-8080-exec-3" daemon [_thread_blocked, id=4936, stack(0x0000000022030000,0x0000000022130000)]
  0x0000000019169800 JavaThread "http-nio-8080-exec-2" daemon [_thread_blocked, id=9984, stack(0x0000000021f30000,0x0000000022030000)]
  0x0000000019168000 JavaThread "http-nio-8080-exec-1" daemon [_thread_blocked, id=6552, stack(0x0000000021e30000,0x0000000021f30000)]
  0x0000000016d3a800 JavaThread "http-nio-8080-BlockPoller" daemon [_thread_in_native, id=584, stack(0x0000000021d30000,0x0000000021e30000)]
  0x0000000016d3e800 JavaThread "Live Reload Server" daemon [_thread_in_native, id=1656, stack(0x0000000021c30000,0x0000000021d30000)]
  0x0000000016d41800 JavaThread "File Watcher" daemon [_thread_in_native, id=5216, stack(0x000000001f960000,0x000000001fa60000)]
  0x0000000016d3f000 JavaThread "HikariPool-1 housekeeper" daemon [_thread_blocked, id=7400, stack(0x000000001f860000,0x000000001f960000)]
  0x0000000016d3d800 JavaThread "mysql-cj-abandoned-connection-cleanup" daemon [_thread_blocked, id=14060, stack(0x000000001e220000,0x000000001e320000)]
  0x0000000016d3c000 JavaThread "container-0" [_thread_blocked, id=1380, stack(0x000000001e120000,0x000000001e220000)]
  0x0000000016d3d000 JavaThread "Catalina-utility-2" [_thread_blocked, id=3192, stack(0x000000001e020000,0x000000001e120000)]
  0x0000000016d3b800 JavaThread "Catalina-utility-1" [_thread_blocked, id=3904, stack(0x000000001a7c0000,0x000000001a8c0000)]
  0x00000000186c2000 JavaThread "Service Thread" daemon [_thread_blocked, id=2664, stack(0x0000000018a80000,0x0000000018b80000)]
  0x0000000016d40800 JavaThread "C1 CompilerThread2" daemon [_thread_blocked, id=1108, stack(0x0000000018580000,0x0000000018680000)]
  0x0000000016d13000 JavaThread "C2 CompilerThread1" daemon [_thread_in_vm, id=11252, stack(0x0000000018480000,0x0000000018580000)]
=>0x0000000016d02000 JavaThread "C2 CompilerThread0" daemon [_thread_in_native, id=5976, stack(0x0000000018380000,0x0000000018480000)]
  0x0000000016d00800 JavaThread "Attach Listener" daemon [_thread_blocked, id=11500, stack(0x0000000018280000,0x0000000018380000)]
  0x0000000016d00000 JavaThread "Signal Dispatcher" daemon [_thread_blocked, id=8080, stack(0x0000000018180000,0x0000000018280000)]
  0x0000000016cea800 JavaThread "Finalizer" daemon [_thread_blocked, id=1924, stack(0x0000000017f60000,0x0000000018060000)]
  0x0000000002384000 JavaThread "Reference Handler" daemon [_thread_blocked, id=2012, stack(0x0000000017e60000,0x0000000017f60000)]

Other Threads:
  0x0000000016cc7800 VMThread [stack: 0x0000000017d60000,0x0000000017e60000] [id=12140]
  0x00000000186d8800 WatcherThread [stack: 0x0000000018cf0000,0x0000000018df0000] [id=13052]

VM state:synchronizing (normal execution)

VM Mutex/Monitor currently owned by a thread:  ([mutex/lock_event])
[0x0000000002290ed0] Safepoint_lock - owner thread: 0x0000000016cc7800
[0x0000000002290dd0] Threads_lock - owner thread: 0x0000000016cc7800

Heap:
 PSYoungGen      total 163840K, used 137953K [0x00000000d6e00000, 0x00000000e4d00000, 0x0000000100000000)
  eden space 150528K, 82% used [0x00000000d6e00000,0x00000000de7c0310,0x00000000e0100000)
  from space 13312K, 99% used [0x00000000e0100000,0x00000000e0df83d0,0x00000000e0e00000)
  to   space 18944K, 0% used [0x00000000e3a80000,0x00000000e3a80000,0x00000000e4d00000)
 ParOldGen       total 83968K, used 21631K [0x0000000084a00000, 0x0000000089c00000, 0x00000000d6e00000)
  object space 83968K, 25% used [0x0000000084a00000,0x0000000085f1ff60,0x0000000089c00000)
 Metaspace       used 55914K, capacity 58864K, committed 59008K, reserved 1099776K
  class space    used 7731K, capacity 8262K, committed 8320K, reserved 1048576K

Card table byte_map: [0x0000000011750000,0x0000000011b30000] byte_map_base: 0x000000001132b000

Marking Bits: (ParMarkBitMap*) 0x000000006586a6c0
 Begin Bits: [0x00000000121d0000, 0x00000000140a8000)
 End Bits:   [0x00000000140a8000, 0x0000000015f80000)

Polling page: 0x0000000000930000

CodeCache: size=245760Kb used=13073Kb max_used=13704Kb free=232686Kb
 bounds [0x0000000002390000, 0x0000000003140000, 0x0000000011390000]
 total_blobs=4461 nmethods=3920 adapters=453
 compilation: enabled

Compilation events (10 events):
Event: 1812.435 Thread 0x0000000016d13000 nmethod 4562 0x00000000030e5210 code [0x00000000030e5700, 0x00000000030eacf8]
Event: 1847.039 Thread 0x0000000016d40800 4567       3       java.lang.ThreadLocal::setInitialValue (36 bytes)
Event: 1863.769 Thread 0x0000000016d40800 nmethod 4567 0x0000000002747350 code [0x0000000002747500, 0x00000000027479b8]
Event: 1889.702 Thread 0x0000000016d40800 4568       3       sun.nio.cs.UTF_8$Encoder::encode (359 bytes)
Event: 1903.464 Thread 0x0000000016d40800 nmethod 4568 0x0000000002c5d250 code [0x0000000002c5d440, 0x0000000002c5dfa8]
Event: 1940.237 Thread 0x0000000016d40800 4569       3       java.util.TreeMap::compare (32 bytes)
Event: 1941.419 Thread 0x0000000016d40800 nmethod 4569 0x00000000030e4a50 code [0x00000000030e4be0, 0x00000000030e5018]
Event: 2003.844 Thread 0x0000000016d40800 4570       3       java.util.Calendar::complete (40 bytes)
Event: 2003.905 Thread 0x0000000016d40800 nmethod 4570 0x0000000002746cd0 code [0x0000000002746e60, 0x0000000002747258]
Event: 2053.669 Thread 0x0000000016d02000 4571       4       sun.nio.cs.UTF_8$Encoder::encode (359 bytes)

GC Heap History (10 events):
Event: 3.829 GC heap before
{Heap before GC invocations=7 (full 1):
 PSYoungGen      total 68608K, used 63488K [0x00000000d6e00000, 0x00000000dfe00000, 0x0000000100000000)
  eden space 63488K, 100% used [0x00000000d6e00000,0x00000000dac00000,0x00000000dac00000)
  from space 5120K, 0% used [0x00000000dac00000,0x00000000dac00000,0x00000000db100000)
  to   space 10240K, 0% used [0x00000000df400000,0x00000000df400000,0x00000000dfe00000)
 ParOldGen       total 57344K, used 9361K [0x0000000084a00000, 0x0000000088200000, 0x00000000d6e00000)
  object space 57344K, 16% used [0x0000000084a00000,0x0000000085324438,0x0000000088200000)
 Metaspace       used 21891K, capacity 22792K, committed 23168K, reserved 1069056K
  class space    used 2860K, capacity 3075K, committed 3200K, reserved 1048576K
Event: 3.834 GC heap after
Heap after GC invocations=7 (full 1):
 PSYoungGen      total 102400K, used 2535K [0x00000000d6e00000, 0x00000000df680000, 0x0000000100000000)
  eden space 99840K, 0% used [0x00000000d6e00000,0x00000000d6e00000,0x00000000dcf80000)
  from space 2560K, 99% used [0x00000000df400000,0x00000000df679ff0,0x00000000df680000)
  to   space 10240K, 0% used [0x00000000de280000,0x00000000de280000,0x00000000dec80000)
 ParOldGen       total 57344K, used 9369K [0x0000000084a00000, 0x0000000088200000, 0x00000000d6e00000)
  object space 57344K, 16% used [0x0000000084a00000,0x0000000085326438,0x0000000088200000)
 Metaspace       used 21891K, capacity 22792K, committed 23168K, reserved 1069056K
  class space    used 2860K, capacity 3075K, committed 3200K, reserved 1048576K
}
Event: 7.952 GC heap before
{Heap before GC invocations=8 (full 1):
 PSYoungGen      total 102400K, used 102375K [0x00000000d6e00000, 0x00000000df680000, 0x0000000100000000)
  eden space 99840K, 100% used [0x00000000d6e00000,0x00000000dcf80000,0x00000000dcf80000)
  from space 2560K, 99% used [0x00000000df400000,0x00000000df679ff0,0x00000000df680000)
  to   space 10240K, 0% used [0x00000000de280000,0x00000000de280000,0x00000000dec80000)
 ParOldGen       total 57344K, used 9369K [0x0000000084a00000, 0x0000000088200000, 0x00000000d6e00000)
  object space 57344K, 16% used [0x0000000084a00000,0x0000000085326438,0x0000000088200000)
 Metaspace       used 29651K, capacity 31404K, committed 31488K, reserved 1077248K
  class space    used 3942K, capacity 4272K, committed 4352K, reserved 1048576K
Event: 7.967 GC heap after
Heap after GC invocations=8 (full 1):
 PSYoungGen      total 129536K, used 10231K [0x00000000d6e00000, 0x00000000e1a80000, 0x0000000100000000)
  eden space 119296K, 0% used [0x00000000d6e00000,0x00000000d6e00000,0x00000000de280000)
  from space 10240K, 99% used [0x00000000de280000,0x00000000dec7dda8,0x00000000dec80000)
  to   space 12800K, 0% used [0x00000000e0e00000,0x00000000e0e00000,0x00000000e1a80000)
 ParOldGen       total 57344K, used 10680K [0x0000000084a00000, 0x0000000088200000, 0x00000000d6e00000)
  object space 57344K, 18% used [0x0000000084a00000,0x000000008546e3b0,0x0000000088200000)
 Metaspace       used 29651K, capacity 31404K, committed 31488K, reserved 1077248K
  class space    used 3942K, capacity 4272K, committed 4352K, reserved 1048576K
}
Event: 9.673 GC heap before
{Heap before GC invocations=9 (full 1):
 PSYoungGen      total 129536K, used 112733K [0x00000000d6e00000, 0x00000000e1a80000, 0x0000000100000000)
  eden space 119296K, 85% used [0x00000000d6e00000,0x00000000dd219698,0x00000000de280000)
  from space 10240K, 99% used [0x00000000de280000,0x00000000dec7dda8,0x00000000dec80000)
  to   space 12800K, 0% used [0x00000000e0e00000,0x00000000e0e00000,0x00000000e1a80000)
 ParOldGen       total 57344K, used 10680K [0x0000000084a00000, 0x0000000088200000, 0x00000000d6e00000)
  object space 57344K, 18% used [0x0000000084a00000,0x000000008546e3b0,0x0000000088200000)
 Metaspace       used 33569K, capacity 35412K, committed 35456K, reserved 1079296K
  class space    used 4367K, capacity 4732K, committed 4736K, reserved 1048576K
Event: 9.687 GC heap after
Heap after GC invocations=9 (full 1):
 PSYoungGen      total 163328K, used 9313K [0x00000000d6e00000, 0x00000000e3480000, 0x0000000100000000)
  eden space 150528K, 0% used [0x00000000d6e00000,0x00000000d6e00000,0x00000000e0100000)
  from space 12800K, 72% used [0x00000000e0e00000,0x00000000e17187e0,0x00000000e1a80000)
  to   space 13312K, 0% used [0x00000000e0100000,0x00000000e0100000,0x00000000e0e00000)
 ParOldGen       total 57344K, used 10688K [0x0000000084a00000, 0x0000000088200000, 0x00000000d6e00000)
  object space 57344K, 18% used [0x0000000084a00000,0x00000000854703b0,0x0000000088200000)
 Metaspace       used 33569K, capacity 35412K, committed 35456K, reserved 1079296K
  class space    used 4367K, capacity 4732K, committed 4736K, reserved 1048576K
}
Event: 9.687 GC heap before
{Heap before GC invocations=10 (full 2):
 PSYoungGen      total 163328K, used 9313K [0x00000000d6e00000, 0x00000000e3480000, 0x0000000100000000)
  eden space 150528K, 0% used [0x00000000d6e00000,0x00000000d6e00000,0x00000000e0100000)
  from space 12800K, 72% used [0x00000000e0e00000,0x00000000e17187e0,0x00000000e1a80000)
  to   space 13312K, 0% used [0x00000000e0100000,0x00000000e0100000,0x00000000e0e00000)
 ParOldGen       total 57344K, used 10688K [0x0000000084a00000, 0x0000000088200000, 0x00000000d6e00000)
  object space 57344K, 18% used [0x0000000084a00000,0x00000000854703b0,0x0000000088200000)
 Metaspace       used 33569K, capacity 35412K, committed 35456K, reserved 1079296K
  class space    used 4367K, capacity 4732K, committed 4736K, reserved 1048576K
Event: 9.780 GC heap after
Heap after GC invocations=10 (full 2):
 PSYoungGen      total 163328K, used 0K [0x00000000d6e00000, 0x00000000e3480000, 0x0000000100000000)
  eden space 150528K, 0% used [0x00000000d6e00000,0x00000000d6e00000,0x00000000e0100000)
  from space 12800K, 0% used [0x00000000e0e00000,0x00000000e0e00000,0x00000000e1a80000)
  to   space 13312K, 0% used [0x00000000e0100000,0x00000000e0100000,0x00000000e0e00000)
 ParOldGen       total 83968K, used 13330K [0x0000000084a00000, 0x0000000089c00000, 0x00000000d6e00000)
  object space 83968K, 15% used [0x0000000084a00000,0x0000000085704988,0x0000000089c00000)
 Metaspace       used 33569K, capacity 35412K, committed 35456K, reserved 1079296K
  class space    used 4367K, capacity 4732K, committed 4736K, reserved 1048576K
}
Event: 16.828 GC heap before
{Heap before GC invocations=11 (full 2):
 PSYoungGen      total 163328K, used 150528K [0x00000000d6e00000, 0x00000000e3480000, 0x0000000100000000)
  eden space 150528K, 100% used [0x00000000d6e00000,0x00000000e0100000,0x00000000e0100000)
  from space 12800K, 0% used [0x00000000e0e00000,0x00000000e0e00000,0x00000000e1a80000)
  to   space 13312K, 0% used [0x00000000e0100000,0x00000000e0100000,0x00000000e0e00000)
 ParOldGen       total 83968K, used 13330K [0x0000000084a00000, 0x0000000089c00000, 0x00000000d6e00000)
  object space 83968K, 15% used [0x0000000084a00000,0x0000000085704988,0x0000000089c00000)
 Metaspace       used 51327K, capacity 54132K, committed 54272K, reserved 1095680K
  class space    used 7180K, capacity 7674K, committed 7680K, reserved 1048576K
Event: 16.863 GC heap after
Heap after GC invocations=11 (full 2):
 PSYoungGen      total 163840K, used 13280K [0x00000000d6e00000, 0x00000000e4d00000, 0x0000000100000000)
  eden space 150528K, 0% used [0x00000000d6e00000,0x00000000d6e00000,0x00000000e0100000)
  from space 13312K, 99% used [0x00000000e0100000,0x00000000e0df83d0,0x00000000e0e00000)
  to   space 18944K, 0% used [0x00000000e3a80000,0x00000000e3a80000,0x00000000e4d00000)
 ParOldGen       total 83968K, used 21631K [0x0000000084a00000, 0x0000000089c00000, 0x00000000d6e00000)
  object space 83968K, 25% used [0x0000000084a00000,0x0000000085f1ff60,0x0000000089c00000)
 Metaspace       used 51327K, capacity 54132K, committed 54272K, reserved 1095680K
  class space    used 7180K, capacity 7674K, committed 7680K, reserved 1048576K
}

Deoptimization events (10 events):
Event: 16.778 Thread 0x00000000194ad800 Uncommon trap: reason=unstable_if action=reinterpret pc=0x000000000272e7d8 method=org.springframework.util.ConcurrentReferenceHashMap$Segment.clear()V @ 7
Event: 16.885 Thread 0x00000000194ad800 Uncommon trap: reason=class_check action=maybe_recompile pc=0x00000000028e8528 method=org.springframework.util.ConcurrentReferenceHashMap$ReferenceManager.pollForPurge()Lorg/springframework/util/ConcurrentReferenceHashMap$Reference; @ 7
Event: 16.885 Thread 0x00000000194ad800 Uncommon trap: reason=class_check action=maybe_recompile pc=0x00000000028e8528 method=org.springframework.util.ConcurrentReferenceHashMap$ReferenceManager.pollForPurge()Lorg/springframework/util/ConcurrentReferenceHashMap$Reference; @ 7
Event: 17.666 Thread 0x0000000016d41800 Uncommon trap: reason=bimorphic action=maybe_recompile pc=0x0000000002ddef10 method=java.util.AbstractCollection.containsAll(Ljava/util/Collection;)Z @ 25
Event: 17.667 Thread 0x0000000016d41800 Uncommon trap: reason=bimorphic action=maybe_recompile pc=0x0000000002ddef10 method=java.util.AbstractCollection.containsAll(Ljava/util/Collection;)Z @ 25
Event: 18.691 Thread 0x0000000016d41800 Uncommon trap: reason=bimorphic action=maybe_recompile pc=0x0000000002ddef10 method=java.util.AbstractCollection.containsAll(Ljava/util/Collection;)Z @ 25
Event: 18.691 Thread 0x0000000016d41800 Uncommon trap: reason=bimorphic action=maybe_recompile pc=0x0000000002ddef10 method=java.util.AbstractCollection.containsAll(Ljava/util/Collection;)Z @ 25
Event: 28.366 Thread 0x0000000019168000 Uncommon trap: reason=unstable_if action=reinterpret pc=0x0000000002513a20 method=java.util.StringTokenizer.scanToken(I)I @ 96
Event: 28.461 Thread 0x0000000019168000 Uncommon trap: reason=unstable_if action=reinterpret pc=0x00000000024b9f80 method=java.lang.CharacterData.of(I)Ljava/lang/CharacterData; @ 4
Event: 1885.996 Thread 0x0000000016d3f000 Uncommon trap: reason=unstable_if action=reinterpret pc=0x00000000024e40dc method=sun.nio.cs.UTF_8$Encoder.encode([CII[B)I @ 33

Internal exceptions (10 events):
Event: 15.370 Thread 0x00000000194ad800 Exception <a 'java/lang/ClassNotFoundException': org/springframework/boot/autoconfigure/web/servlet/WebMvcAutoConfiguration$EnableWebMvcConfigurationCustomizer> (0x00000000ddfddb98) thrown at [C:\re\workspace\8-2-build-windows-amd64-cygwin\jdk8u111\7883\h
Event: 15.375 Thread 0x00000000194ad800 Exception <a 'java/lang/ClassNotFoundException': org/springframework/context/ResourceLoaderAwareCustomizer> (0x00000000de0023b0) thrown at [C:\re\workspace\8-2-build-windows-amd64-cygwin\jdk8u111\7883\hotspot\src\share\vm\classfile\systemDictionary.cpp, l
Event: 15.377 Thread 0x00000000194ad800 Exception <a 'java/lang/ClassNotFoundException': org/springframework/beans/factory/AwareCustomizer> (0x00000000de014af0) thrown at [C:\re\workspace\8-2-build-windows-amd64-cygwin\jdk8u111\7883\hotspot\src\share\vm\classfile\systemDictionary.cpp, line 210]
Event: 15.379 Thread 0x00000000194ad800 Exception <a 'java/lang/ClassNotFoundException': org/springframework/context/ApplicationContextAwareCustomizer> (0x00000000de028fb8) thrown at [C:\re\workspace\8-2-build-windows-amd64-cygwin\jdk8u111\7883\hotspot\src\share\vm\classfile\systemDictionary.cp
Event: 15.382 Thread 0x00000000194ad800 Exception <a 'java/lang/ClassNotFoundException': org/springframework/beans/factory/AwareCustomizer> (0x00000000de03bd00) thrown at [C:\re\workspace\8-2-build-windows-amd64-cygwin\jdk8u111\7883\hotspot\src\share\vm\classfile\systemDictionary.cpp, line 210]
Event: 15.383 Thread 0x00000000194ad800 Exception <a 'java/lang/ClassNotFoundException': org/springframework/web/context/ServletContextAwareCustomizer> (0x00000000de0501c0) thrown at [C:\re\workspace\8-2-build-windows-amd64-cygwin\jdk8u111\7883\hotspot\src\share\vm\classfile\systemDictionary.cp
Event: 15.386 Thread 0x00000000194ad800 Exception <a 'java/lang/ClassNotFoundException': org/springframework/beans/factory/AwareCustomizer> (0x00000000de062978) thrown at [C:\re\workspace\8-2-build-windows-amd64-cygwin\jdk8u111\7883\hotspot\src\share\vm\classfile\systemDictionary.cpp, line 210]
Event: 16.237 Thread 0x00000000194ad800 Exception <a 'java/lang/IncompatibleClassChangeError': Found class java.lang.Object, but interface was expected> (0x00000000df3a3f90) thrown at [C:\re\workspace\8-2-build-windows-amd64-cygwin\jdk8u111\7883\hotspot\src\share\vm\interpreter\linkResolver.cpp
Event: 28.742 Thread 0x0000000019168000 Exception <a 'java/lang/NoSuchMethodError': java.lang.Object.lambda$mapIfAllPresent$6(Ljava/util/Optional;Ljava/util/function/BiFunction;Ljava/lang/Object;)Ljava/util/Optional;> (0x00000000d89413e0) thrown at [C:\re\workspace\8-2-build-windows-amd64-cygwi
Event: 28.743 Thread 0x0000000019168000 Exception <a 'java/lang/NoSuchMethodError': java.lang.Object.lambda$null$5(Ljava/util/function/BiFunction;Ljava/lang/Object;Ljava/lang/Object;)Ljava/lang/Object;> (0x00000000d8945b18) thrown at [C:\re\workspace\8-2-build-windows-amd64-cygwin\jdk8u111\7883

Events (10 events):
Event: 2057.177 loading class java/security/UnrecoverableEntryException done
Event: 2057.177 loading class java/security/UnrecoverableKeyException done
Event: 2057.242 loading class java/security/KeyStoreException
Event: 2057.254 loading class java/security/KeyStoreException done
Event: 2057.254 loading class java/security/cert/CertificateException
Event: 2057.365 loading class java/security/cert/CertificateException done
Event: 2057.366 loading class java/security/KeyManagementException
Event: 2057.377 loading class java/security/KeyManagementException done
Event: 2057.377 loading class com/mysql/cj/exceptions/SSLParamsException
Event: 2057.377 loading class com/mysql/cj/exceptions/SSLParamsException done


Dynamic libraries:
0x00007ff755e60000 - 0x00007ff755e97000 	C:\Program Files\Java\jre1.8.0_111\bin\javaw.exe
0x00007ffe93540000 - 0x00007ffe93730000 	C:\WINDOWS\SYSTEM32\ntdll.dll
0x00007ffe91840000 - 0x00007ffe918f2000 	C:\WINDOWS\System32\KERNEL32.DLL
0x00007ffe90e60000 - 0x00007ffe91103000 	C:\WINDOWS\System32\KERNELBASE.dll
0x00007ffe92f90000 - 0x00007ffe93033000 	C:\WINDOWS\System32\ADVAPI32.dll
0x00007ffe92770000 - 0x00007ffe9280e000 	C:\WINDOWS\System32\msvcrt.dll
0x00007ffe932b0000 - 0x00007ffe93347000 	C:\WINDOWS\System32\sechost.dll
0x00007ffe93160000 - 0x00007ffe93280000 	C:\WINDOWS\System32\RPCRT4.dll
0x00007ffe916a0000 - 0x00007ffe91834000 	C:\WINDOWS\System32\USER32.dll
0x00007ffe915c0000 - 0x00007ffe915e1000 	C:\WINDOWS\System32\win32u.dll
0x00007ffe92810000 - 0x00007ffe92836000 	C:\WINDOWS\System32\GDI32.dll
0x00007ffe911e0000 - 0x00007ffe91374000 	C:\WINDOWS\System32\gdi32full.dll
0x00007ffe91380000 - 0x00007ffe9141e000 	C:\WINDOWS\System32\msvcp_win.dll
0x00007ffe904d0000 - 0x00007ffe905ca000 	C:\WINDOWS\System32\ucrtbase.dll
0x00007ffe7cb50000 - 0x00007ffe7cdd5000 	C:\WINDOWS\WinSxS\amd64_microsoft.windows.common-controls_6595b64144ccf1df_6.0.18362.535_none_e6c3b34713100821\COMCTL32.dll
0x00007ffe922f0000 - 0x00007ffe92626000 	C:\WINDOWS\System32\combase.dll
0x00007ffe905d0000 - 0x00007ffe90650000 	C:\WINDOWS\System32\bcryptPrimitives.dll
0x00007ffe93280000 - 0x00007ffe932ae000 	C:\WINDOWS\System32\IMM32.DLL
0x0000000064290000 - 0x0000000064362000 	C:\Program Files\Java\jre1.8.0_111\bin\msvcr100.dll
0x0000000065050000 - 0x00000000658ea000 	C:\Program Files\Java\jre1.8.0_111\bin\server\jvm.dll
0x00007ffe93150000 - 0x00007ffe93158000 	C:\WINDOWS\System32\PSAPI.DLL
0x00007ffe8c5c0000 - 0x00007ffe8c5c9000 	C:\WINDOWS\SYSTEM32\WSOCK32.dll
0x00007ffe91900000 - 0x00007ffe9196f000 	C:\WINDOWS\System32\WS2_32.dll
0x00007ffe8d7e0000 - 0x00007ffe8d804000 	C:\WINDOWS\SYSTEM32\WINMM.dll
0x00007ffe81a70000 - 0x00007ffe81a7a000 	C:\WINDOWS\SYSTEM32\VERSION.dll
0x00007ffe8d7b0000 - 0x00007ffe8d7dd000 	C:\WINDOWS\SYSTEM32\WINMMBASE.dll
0x00007ffe91420000 - 0x00007ffe9146a000 	C:\WINDOWS\System32\cfgmgr32.dll
0x0000000065e60000 - 0x0000000065e6f000 	C:\Program Files\Java\jre1.8.0_111\bin\verify.dll
0x0000000065e30000 - 0x0000000065e59000 	C:\Program Files\Java\jre1.8.0_111\bin\java.dll
0x0000000065e10000 - 0x0000000065e26000 	C:\Program Files\Java\jre1.8.0_111\bin\zip.dll
0x00007ffe91b30000 - 0x00007ffe92215000 	C:\WINDOWS\System32\SHELL32.dll
0x00007ffe92a10000 - 0x00007ffe92ab9000 	C:\WINDOWS\System32\shcore.dll
0x00007ffe906e0000 - 0x00007ffe90e5f000 	C:\WINDOWS\System32\windows.storage.dll
0x00007ffe90460000 - 0x00007ffe9047f000 	C:\WINDOWS\System32\profapi.dll
0x00007ffe90480000 - 0x00007ffe904ca000 	C:\WINDOWS\System32\powrprof.dll
0x00007ffe90410000 - 0x00007ffe90420000 	C:\WINDOWS\System32\UMPDC.dll
0x00007ffe91a60000 - 0x00007ffe91ab2000 	C:\WINDOWS\System32\shlwapi.dll
0x00007ffe90420000 - 0x00007ffe90431000 	C:\WINDOWS\System32\kernel.appcore.dll
0x00007ffe911c0000 - 0x00007ffe911d7000 	C:\WINDOWS\System32\cryptsp.dll
0x0000000064280000 - 0x000000006428d000 	C:\Program Files\Java\jre1.8.0_111\bin\management.dll
0x0000000065df0000 - 0x0000000065e0a000 	C:\Program Files\Java\jre1.8.0_111\bin\net.dll
0x00007ffe8fc20000 - 0x00007ffe8fc87000 	C:\WINDOWS\system32\mswsock.dll
0x00007ffe82a60000 - 0x00007ffe82a76000 	C:\WINDOWS\system32\napinsp.dll
0x00007ffe80800000 - 0x00007ffe8081a000 	C:\WINDOWS\system32\pnrpnsp.dll
0x00007ffe8f970000 - 0x00007ffe8fa3a000 	C:\WINDOWS\SYSTEM32\DNSAPI.dll
0x00007ffe93140000 - 0x00007ffe93148000 	C:\WINDOWS\System32\NSI.dll
0x00007ffe8f930000 - 0x00007ffe8f96a000 	C:\WINDOWS\SYSTEM32\IPHLPAPI.DLL
0x00007ffe8c510000 - 0x00007ffe8c51e000 	C:\WINDOWS\System32\winrnr.dll
0x00007ffe8c4c0000 - 0x00007ffe8c4dc000 	C:\WINDOWS\system32\NLAapi.dll
0x00007ffe8c620000 - 0x00007ffe8c635000 	C:\WINDOWS\system32\wshbth.dll
0x00007ffe84fe0000 - 0x00007ffe84fea000 	C:\Windows\System32\rasadhlp.dll
0x00007ffe8a120000 - 0x00007ffe8a197000 	C:\WINDOWS\System32\fwpuclnt.dll
0x00007ffe906b0000 - 0x00007ffe906d6000 	C:\WINDOWS\System32\bcrypt.dll
0x0000000065dd0000 - 0x0000000065de1000 	C:\Program Files\Java\jre1.8.0_111\bin\nio.dll
0x00007ffe8f790000 - 0x00007ffe8f7c3000 	C:\WINDOWS\system32\rsaenh.dll
0x00007ffe90330000 - 0x00007ffe90355000 	C:\WINDOWS\SYSTEM32\USERENV.dll
0x00007ffe8fdf0000 - 0x00007ffe8fdfc000 	C:\WINDOWS\SYSTEM32\CRYPTBASE.dll
0x00007ffe8a890000 - 0x00007ffe8a8a6000 	C:\WINDOWS\SYSTEM32\dhcpcsvc6.DLL
0x00007ffe8a990000 - 0x00007ffe8a9ac000 	C:\WINDOWS\SYSTEM32\dhcpcsvc.DLL

VM Arguments:
jvm_args: -Dfile.encoding=UTF-8 
java_command: com.ruv.RuvApplication
java_class_path (initial): C:\Users\matias\git\ruv\ruv-master\target\classes;C:\Users\matias\.m2\repository\org\springframework\boot\spring-boot-starter-data-jpa\2.2.1.RELEASE\spring-boot-starter-data-jpa-2.2.1.RELEASE.jar;C:\Users\matias\.m2\repository\org\springframework\boot\spring-boot-starter-aop\2.2.1.RELEASE\spring-boot-starter-aop-2.2.1.RELEASE.jar;C:\Users\matias\.m2\repository\org\springframework\spring-aop\5.2.1.RELEASE\spring-aop-5.2.1.RELEASE.jar;C:\Users\matias\.m2\repository\org\aspectj\aspectjweaver\1.9.4\aspectjweaver-1.9.4.jar;C:\Users\matias\.m2\repository\org\springframework\boot\spring-boot-starter-jdbc\2.2.1.RELEASE\spring-boot-starter-jdbc-2.2.1.RELEASE.jar;C:\Users\matias\.m2\repository\com\zaxxer\HikariCP\3.4.1\HikariCP-3.4.1.jar;C:\Users\matias\.m2\repository\org\springframework\spring-jdbc\5.2.1.RELEASE\spring-jdbc-5.2.1.RELEASE.jar;C:\Users\matias\.m2\repository\jakarta\activation\jakarta.activation-api\1.2.1\jakarta.activation-api-1.2.1.jar;C:\Users\matias\.m2\repository\jakarta\persistence\jakarta.persistence-api\2.2.3\jakarta.persistence-api-2.2.3.jar;C:\Users\matias\.m2\repository\jakarta\transaction\jakarta.transaction-api\1.3.3\jakarta.transaction-api-1.3.3.jar;C:\Users\matias\.m2\repository\org\hibernate\hibernate-core\5.4.8.Final\hibernate-core-5.4.8.Final.jar;C:\Users\matias\.m2\repository\org\jboss\logging\jboss-logging\3.4.1.Final\jboss-logging-3.4.1.Final.jar;C:\Users\matias\.m2\repository\org\javassist\javassist\3.24.0-GA\javassist-3.24.0-GA.jar;C:\Users\matias\.m2\repository\net\bytebuddy\byte-buddy\1.10.2\byte-buddy-1.10.2.jar;C:\Users\matias\.m2\repository\antlr\antlr\2.7.7\antlr-2.7.7.jar;C:\Users\matias\.m2\repository\org\jboss\jandex\2.0.5.Final\jandex-2.0.5.Final.jar;C:\Users\matias\.m2\repository\com\fasterxml\classmate\1.5.1\classmate-1.5.1.jar;C:\Users\matias\.m2\repository\org\dom4j\dom4j\2.1.1\dom4j-2.1.1.jar;C:\Users\matias\.m2\repository\org\hibernate\common\hibernate-commons-annotations\5.1.0.Final\hibernate-
Launcher Type: SUN_STANDARD

Environment Variables:
PATH=C:/Program Files/Java/jre1.8.0_111/bin/server;C:/Program Files/Java/jre1.8.0_111/bin;C:/Program Files/Java/jre1.8.0_111/lib/amd64;C:\ProgramData\Oracle\Java\javapath;C:\Program Files (x86)\Intel\iCLS Client\;C:\Program Files\Intel\iCLS Client\;C:\WINDOWS\system32;C:\WINDOWS;C:\WINDOWS\System32\Wbem;C:\WINDOWS\System32\WindowsPowerShell\v1.0\;C:\WINDOWS\System32\OpenSSH\;C:\Program Files (x86)\Intel\Intel(R) Management Engine Components\DAL;C:\Program Files\Intel\Intel(R) Management Engine Components\DAL;C:\Program Files (x86)\Intel\Intel(R) Management Engine Components\IPT;C:\Program Files\Intel\Intel(R) Management Engine Components\IPT;C:\Program Files (x86)\Brackets\command;C:\Program Files\nodejs\;C:\Users\matias\AppData\Local\Microsoft\WindowsApps;;C:\Users\matias\AppData\Local\Programs\Microsoft VS Code\bin;C:\Users\matias\AppData\Roaming\npm;C:\Users\matias\Desktop;
USERNAME=matias
OS=Windows_NT
PROCESSOR_IDENTIFIER=Intel64 Family 6 Model 58 Stepping 9, GenuineIntel



---------------  S Y S T E M  ---------------

OS: Windows 10.0 , 64 bit Build 18362 (10.0.18362.329)

CPU:total 4 (2 cores per cpu, 2 threads per core) family 6 model 58 stepping 9, cmov, cx8, fxsr, mmx, sse, sse2, sse3, ssse3, sse4.1, sse4.2, popcnt, avx, clmul, erms, ht, tsc, tscinvbit, tscinv

Memory: 4k page, physical 8082972k(924260k free), swap 22472440k(0k free)

vm_info: Java HotSpot(TM) 64-Bit Server VM (25.111-b14) for windows-amd64 JRE (1.8.0_111-b14), built on Sep 22 2016 19:24:05 by "java_re" with MS VC++ 10.0 (VS2010)

time: Mon Jan 06 10:53:16 2020
elapsed time: 2085 seconds (0d 0h 34m 45s)

